# JRE version: Java(TM) SE Runtime Environment (7.0_40-b43) (build 1.7.0_40-b43)
# Java VM: Java HotSpot(TM) 64-Bit Server VM (24.0-b56 mixed mode windows-amd64 compressed oops)
Heap
 PSYoungGen      total 74752K, used 45158K [0x00000007d6480000, 0x00000007dbd80000, 0x0000000800000000)
  eden space 61440K, 65% used [0x00000007d6480000,0x00000007d8bf6cb0,0x00000007da080000)
  from space 13312K, 35% used [0x00000007daf80000,0x00000007db422df8,0x00000007dbc80000)
  to   space 14848K, 0% used [0x00000007da080000,0x00000007da080000,0x00000007daf00000)
 ParOldGen       total 84992K, used 22796K [0x0000000782e00000, 0x0000000788100000, 0x00000007d6480000)
  object space 84992K, 26% used [0x0000000782e00000,0x0000000784443320,0x0000000788100000)
 PSPermGen       total 27136K, used 26955K [0x000000077dc00000, 0x000000077f680000, 0x0000000782e00000)
  object space 27136K, 99% used [0x000000077dc00000,0x000000077f652e90,0x000000077f680000)
GC Heap History (10 events):
Event: 7.462 GC heap before
{Heap before GC invocations=4 (full 0):
 PSYoungGen      total 70656K, used 70640K [0x00000007d6480000, 0x00000007dae80000, 0x0000000800000000)
  eden space 65536K, 100% used [0x00000007d6480000,0x00000007da480000,0x00000007da480000)
  from space 5120K, 99% used [0x00000007da480000,0x00000007da97c010,0x00000007da980000)
  to   space 5120K, 0% used [0x00000007da980000,0x00000007da980000,0x00000007dae80000)
 ParOldGen       total 84992K, used 8936K [0x0000000782e00000, 0x0000000788100000, 0x00000007d6480000)
  object space 84992K, 10% used [0x0000000782e00000,0x00000007836ba200,0x0000000788100000)
 PSPermGen       total 21504K, used 14693K [0x000000077dc00000, 0x000000077f100000, 0x0000000782e00000)
  object space 21504K, 68% used [0x000000077dc00000,0x000000077ea594e8,0x000000077f100000)
Event: 7.475 GC heap after
Heap after GC invocations=4 (full 0):
 PSYoungGen      total 70656K, used 5104K [0x00000007d6480000, 0x00000007dae80000, 0x0000000800000000)
  eden space 65536K, 0% used [0x00000007d6480000,0x00000007d6480000,0x00000007da480000)
  from space 5120K, 99% used [0x00000007da980000,0x00000007dae7c010,0x00000007dae80000)
  to   space 5120K, 0% used [0x00000007da480000,0x00000007da480000,0x00000007da980000)
 ParOldGen       total 84992K, used 14810K [0x0000000782e00000, 0x0000000788100000, 0x00000007d6480000)
  object space 84992K, 17% used [0x0000000782e00000,0x0000000783c76960,0x0000000788100000)
 PSPermGen       total 21504K, used 14693K [0x000000077dc00000, 0x000000077f100000, 0x0000000782e00000)
  object space 21504K, 68% used [0x000000077dc00000,0x000000077ea594e8,0x000000077f100000)
}
Event: 12.156 GC heap before
{Heap before GC invocations=5 (full 0):
 PSYoungGen      total 70656K, used 70640K [0x00000007d6480000, 0x00000007dae80000, 0x0000000800000000)
  eden space 65536K, 100% used [0x00000007d6480000,0x00000007da480000,0x00000007da480000)
  from space 5120K, 99% used [0x00000007da980000,0x00000007dae7c010,0x00000007dae80000)
  to   space 5120K, 0% used [0x00000007da480000,0x00000007da480000,0x00000007da980000)
 ParOldGen       total 84992K, used 14810K [0x0000000782e00000, 0x0000000788100000, 0x00000007d6480000)
  object space 84992K, 17% used [0x0000000782e00000,0x0000000783c76960,0x0000000788100000)
 PSPermGen       total 21504K, used 15524K [0x000000077dc00000, 0x000000077f100000, 0x0000000782e00000)
  object space 21504K, 72% used [0x000000077dc00000,0x000000077eb29238,0x000000077f100000)
Event: 12.169 GC heap after
Heap after GC invocations=5 (full 0):
 PSYoungGen      total 68608K, used 5104K [0x00000007d6480000, 0x00000007dbc80000, 0x0000000800000000)
  eden space 63488K, 0% used [0x00000007d6480000,0x00000007d6480000,0x00000007da280000)
  from space 5120K, 99% used [0x00000007da480000,0x00000007da97c010,0x00000007da980000)
  to   space 13312K, 0% used [0x00000007daf80000,0x00000007daf80000,0x00000007dbc80000)
 ParOldGen       total 84992K, used 18323K [0x0000000782e00000, 0x0000000788100000, 0x00000007d6480000)
  object space 84992K, 21% used [0x0000000782e00000,0x0000000783fe4ea8,0x0000000788100000)
 PSPermGen       total 21504K, used 15524K [0x000000077dc00000, 0x000000077f100000, 0x0000000782e00000)
  object space 21504K, 72% used [0x000000077dc00000,0x000000077eb29238,0x000000077f100000)
}
Event: 20.872 GC heap before
{Heap before GC invocations=6 (full 0):
 PSYoungGen      total 68608K, used 68592K [0x00000007d6480000, 0x00000007dbc80000, 0x0000000800000000)
  eden space 63488K, 100% used [0x00000007d6480000,0x00000007da280000,0x00000007da280000)
  from space 5120K, 99% used [0x00000007da480000,0x00000007da97c010,0x00000007da980000)
  to   space 13312K, 0% used [0x00000007daf80000,0x00000007daf80000,0x00000007dbc80000)
 ParOldGen       total 84992K, used 18323K [0x0000000782e00000, 0x0000000788100000, 0x00000007d6480000)
  object space 84992K, 21% used [0x0000000782e00000,0x0000000783fe4ea8,0x0000000788100000)
 PSPermGen       total 22016K, used 21712K [0x000000077dc00000, 0x000000077f180000, 0x0000000782e00000)
  object space 22016K, 98% used [0x000000077dc00000,0x000000077f134038,0x000000077f180000)
Event: 20.889 GC heap after
Heap after GC invocations=6 (full 0):
 PSYoungGen      total 74752K, used 12055K [0x00000007d6480000, 0x00000007dbd80000, 0x0000000800000000)
  eden space 61440K, 0% used [0x00000007d6480000,0x00000007d6480000,0x00000007da080000)
  from space 13312K, 90% used [0x00000007daf80000,0x00000007dbb45f18,0x00000007dbc80000)
  to   space 14848K, 0% used [0x00000007da080000,0x00000007da080000,0x00000007daf00000)
 ParOldGen       total 84992K, used 18331K [0x0000000782e00000, 0x0000000788100000, 0x00000007d6480000)
  object space 84992K, 21% used [0x0000000782e00000,0x0000000783fe6ea8,0x0000000788100000)
 PSPermGen       total 22016K, used 21712K [0x000000077dc00000, 0x000000077f180000, 0x0000000782e00000)
  object space 22016K, 98% used [0x000000077dc00000,0x000000077f134038,0x000000077f180000)
}
Event: 21.061 GC heap before
{Heap before GC invocations=7 (full 0):
 PSYoungGen      total 74752K, used 73094K [0x00000007d6480000, 0x00000007dbd80000, 0x0000000800000000)
  eden space 61440K, 99% used [0x00000007d6480000,0x00000007da01bc48,0x00000007da080000)
  from space 13312K, 90% used [0x00000007daf80000,0x00000007dbb45f18,0x00000007dbc80000)
  to   space 14848K, 0% used [0x00000007da080000,0x00000007da080000,0x00000007daf00000)
 ParOldGen       total 84992K, used 18331K [0x0000000782e00000, 0x0000000788100000, 0x00000007d6480000)
  object space 84992K, 21% used [0x0000000782e00000,0x0000000783fe6ea8,0x0000000788100000)
 PSPermGen       total 22016K, used 21879K [0x000000077dc00000, 0x000000077f180000, 0x0000000782e00000)
  object space 22016K, 99% used [0x000000077dc00000,0x000000077f15dd10,0x000000077f180000)
Event: 21.075 GC heap after
Heap after GC invocations=7 (full 0):
 PSYoungGen      total 76288K, used 13463K [0x00000007d6480000, 0x00000007dbd80000, 0x0000000800000000)
  eden space 61440K, 0% used [0x00000007d6480000,0x00000007d6480000,0x00000007da080000)
  from space 14848K, 90% used [0x00000007da080000,0x00000007dada5c98,0x00000007daf00000)
  to   space 13312K, 0% used [0x00000007daf80000,0x00000007daf80000,0x00000007dbc80000)
 ParOldGen       total 84992K, used 20268K [0x0000000782e00000, 0x0000000788100000, 0x00000007d6480000)
  object space 84992K, 23% used [0x0000000782e00000,0x00000007841cb320,0x0000000788100000)
 PSPermGen       total 22016K, used 21879K [0x000000077dc00000, 0x000000077f180000, 0x0000000782e00000)
  object space 22016K, 99% used [0x000000077dc00000,0x000000077f15dd10,0x000000077f180000)
}
Event: 22.858 GC heap before
{Heap before GC invocations=8 (full 0):
 PSYoungGen      total 76288K, used 74903K [0x00000007d6480000, 0x00000007dbd80000, 0x0000000800000000)
  eden space 61440K, 100% used [0x00000007d6480000,0x00000007da080000,0x00000007da080000)
  from space 14848K, 90% used [0x00000007da080000,0x00000007dada5c98,0x00000007daf00000)
  to   space 13312K, 0% used [0x00000007daf80000,0x00000007daf80000,0x00000007dbc80000)
 ParOldGen       total 84992K, used 20268K [0x0000000782e00000, 0x0000000788100000, 0x00000007d6480000)
  object space 84992K, 23% used [0x0000000782e00000,0x00000007841cb320,0x0000000788100000)
 PSPermGen       total 22528K, used 22058K [0x000000077dc00000, 0x000000077f200000, 0x0000000782e00000)
  object space 22528K, 97% used [0x000000077dc00000,0x000000077f18a880,0x000000077f200000)
Event: 22.867 GC heap after
Heap after GC invocations=8 (full 0):
 PSYoungGen      total 74752K, used 4747K [0x00000007d6480000, 0x00000007dbd80000, 0x0000000800000000)
  eden space 61440K, 0% used [0x00000007d6480000,0x00000007d6480000,0x00000007da080000)
  from space 13312K, 35% used [0x00000007daf80000,0x00000007db422df8,0x00000007dbc80000)
  to   space 14848K, 0% used [0x00000007da080000,0x00000007da080000,0x00000007daf00000)
 ParOldGen       total 84992K, used 22796K [0x0000000782e00000, 0x0000000788100000, 0x00000007d6480000)
  object space 84992K, 26% used [0x0000000782e00000,0x0000000784443320,0x0000000788100000)
 PSPermGen       total 22528K, used 22058K [0x000000077dc00000, 0x000000077f200000, 0x0000000782e00000)
  object space 22528K, 97% used [0x000000077dc00000,0x000000077f18a880,0x000000077f200000)
}

